<html>
<head>
<title>TestNG:  2. HomePage_BasicTest</title>
<link href="../testng.css" rel="stylesheet" type="text/css" />
<link href="../my-testng.css" rel="stylesheet" type="text/css" />

<style type="text/css">
.log { display: none;} 
.stack-trace { display: none;} 
</style>
<script type="text/javascript">
<!--
function flip(e) {
  current = e.style.display;
  if (current == 'block') {
    e.style.display = 'none';
    return 0;
  }
  else {
    e.style.display = 'block';
    return 1;
  }
}

function toggleBox(szDivId, elem, msg1, msg2)
{
  var res = -1;  if (document.getElementById) {
    res = flip(document.getElementById(szDivId));
  }
  else if (document.all) {
    // this is the way old msie versions work
    res = flip(document.all[szDivId]);
  }
  if(elem) {
    if(res == 0) elem.innerHTML = msg1; else elem.innerHTML = msg2;
  }

}

function toggleAllBoxes() {
  if (document.getElementsByTagName) {
    d = document.getElementsByTagName('div');
    for (i = 0; i < d.length; i++) {
      if (d[i].className == 'log') {
        flip(d[i]);
      }
    }
  }
}

// -->
</script>

</head>
<body>
<h2 align='center'>2. HomePage_BasicTest</h2><table border='1' align="center">
<tr>
<td>Tests passed/Failed/Skipped:</td><td>5/1/3</td>
</tr><tr>
<td>Started on:</td><td>Fri Dec 22 14:09:15 IST 2017</td>
</tr>
<tr><td>Total time:</td><td>28 seconds (28728 ms)</td>
</tr><tr>
<td>Included groups:</td><td></td>
</tr><tr>
<td>Excluded groups:</td><td></td>
</tr>
</table><p/>
<small><i>(Hover the method name to see the test class name)</i></small><p/>
<table width='100%' border='1' class='invocation-failed'>
<tr><td colspan='4' align='center'><b>FAILED TESTS</b></td></tr>
<tr><td><b>Test method</b></td>
<td width="30%"><b>Exception</b></td>
<td width="10%"><b>Time (seconds)</b></td>
<td><b>Instance</b></td>
</tr>
<tr>
<td title='com.crm.testcases.HomePage_BasicInfoTest.validateLoggedInTimeStamp()'><b>validateLoggedInTimeStamp</b><br>Test class: com.crm.testcases.HomePage_BasicInfoTest<br/>
<a href="#Output-397071633" onClick='toggleBox("Output-397071633", this, "Show output", "Hide output");'>Show output</a>

<a href="#Output-397071633" onClick="toggleAllBoxes();">Show all outputs</a>
<div class='log' id="Output-397071633">
Test Status: Failed<br/>
</div>
</td>
<td><div><pre>java.lang.AssertionError: Incorrect timestamp expected [Dec 22, 2017, 02:09:39 PM] but found [Fri Dec 22 2017 14:09:38 GMT+0530 (India Standard Time)]
	at com.crm.testcases.HomePage_BasicInfoTest.validateLoggedInTimeStamp(HomePage_BasicInfoTest.java:59)
... Removed 30 stack frames</pre></div><a href='#' onClick='toggleBox("stack-trace397071633", this, "Click to show all stack frames", "Click to hide stack frames")'>Click to show all stack frames</a>
<div class='stack-trace' id='stack-trace397071633'><pre>java.lang.AssertionError: Incorrect timestamp expected [Dec 22, 2017, 02:09:39 PM] but found [Fri Dec 22 2017 14:09:38 GMT+0530 (India Standard Time)]
	at org.testng.Assert.fail(Assert.java:93)
	at org.testng.Assert.failNotEquals(Assert.java:512)
	at org.testng.Assert.assertEqualsImpl(Assert.java:134)
	at org.testng.Assert.assertEquals(Assert.java:115)
	at org.testng.Assert.assertEquals(Assert.java:189)
	at com.crm.testcases.HomePage_BasicInfoTest.validateLoggedInTimeStamp(HomePage_BasicInfoTest.java:59)
	at sun.reflect.NativeMethodAccessorImpl.invoke0(Native Method)
	at sun.reflect.NativeMethodAccessorImpl.invoke(Unknown Source)
	at sun.reflect.DelegatingMethodAccessorImpl.invoke(Unknown Source)
	at java.lang.reflect.Method.invoke(Unknown Source)
	at org.testng.internal.MethodInvocationHelper.invokeMethod(MethodInvocationHelper.java:108)
	at org.testng.internal.Invoker.invokeMethod(Invoker.java:661)
	at org.testng.internal.Invoker.retryFailed(Invoker.java:1014)
	at org.testng.internal.Invoker.invokeTestMethods(Invoker.java:1215)
	at org.testng.internal.TestMethodWorker.invokeTestMethods(TestMethodWorker.java:126)
	at org.testng.internal.TestMethodWorker.run(TestMethodWorker.java:109)
	at org.testng.TestRunner.privateRun(TestRunner.java:744)
	at org.testng.TestRunner.run(TestRunner.java:602)
	at org.testng.SuiteRunner.runTest(SuiteRunner.java:380)
	at org.testng.SuiteRunner.runSequentially(SuiteRunner.java:375)
	at org.testng.SuiteRunner.privateRun(SuiteRunner.java:340)
	at org.testng.SuiteRunner.run(SuiteRunner.java:289)
	at org.testng.SuiteRunnerWorker.runSuite(SuiteRunnerWorker.java:52)
	at org.testng.SuiteRunnerWorker.run(SuiteRunnerWorker.java:86)
	at org.testng.TestNG.runSuitesSequentially(TestNG.java:1301)
	at org.testng.TestNG.runSuitesLocally(TestNG.java:1226)
	at org.testng.TestNG.runSuites(TestNG.java:1144)
	at org.testng.TestNG.run(TestNG.java:1115)
	at org.testng.remote.AbstractRemoteTestNG.run(AbstractRemoteTestNG.java:132)
	at org.testng.remote.RemoteTestNG.initAndRun(RemoteTestNG.java:230)
	at org.testng.remote.RemoteTestNG.main(RemoteTestNG.java:76)
</pre></div></td>
<td>0</td>
<td>com.crm.testcases.HomePage_BasicInfoTest@6767c1fc</td></tr>
</table><p>
<table width='100%' border='1' class='invocation-passed'>
<tr><td colspan='4' align='center'><b>PASSED TESTS</b></td></tr>
<tr><td><b>Test method</b></td>
<td width="30%"><b>Exception</b></td>
<td width="10%"><b>Time (seconds)</b></td>
<td><b>Instance</b></td>
</tr>
<tr>
<td title='com.crm.testcases.HomePage_BasicInfoTest.displayHomePageMenus()'><b>displayHomePageMenus</b><br>Test class: com.crm.testcases.HomePage_BasicInfoTest<br/>
<a href="#Output-787361897" onClick='toggleBox("Output-787361897", this, "Show output", "Hide output");'>Show output</a>

<a href="#Output-787361897" onClick="toggleAllBoxes();">Show all outputs</a>
<div class='log' id="Output-787361897">
Test Status: Pass<br/>
</div>
</td>
<td></td>
<td>0</td>
<td>com.crm.testcases.HomePage_BasicInfoTest@6767c1fc</td></tr>
<tr>
<td title='com.crm.testcases.HomePage_BasicInfoTest.displayHomePageSubMenus()'><b>displayHomePageSubMenus</b><br>Test class: com.crm.testcases.HomePage_BasicInfoTest<br/>
<a href="#Output-1368862151" onClick='toggleBox("Output-1368862151", this, "Show output", "Hide output");'>Show output</a>

<a href="#Output-1368862151" onClick="toggleAllBoxes();">Show all outputs</a>
<div class='log' id="Output-1368862151">
Test Status: Pass<br/>
</div>
</td>
<td></td>
<td>3</td>
<td>com.crm.testcases.HomePage_BasicInfoTest@6767c1fc</td></tr>
<tr>
<td title='com.crm.testcases.HomePage_BasicInfoTest.validateApplicationName()'><b>validateApplicationName</b><br>Test class: com.crm.testcases.HomePage_BasicInfoTest<br/>
<a href="#Output-1901238627" onClick='toggleBox("Output-1901238627", this, "Show output", "Hide output");'>Show output</a>

<a href="#Output-1901238627" onClick="toggleAllBoxes();">Show all outputs</a>
<div class='log' id="Output-1901238627">
Test Status: Pass<br/>
</div>
</td>
<td></td>
<td>0</td>
<td>com.crm.testcases.HomePage_BasicInfoTest@6767c1fc</td></tr>
<tr>
<td title='com.crm.testcases.HomePage_BasicInfoTest.validateHeaderLinks()'><b>validateHeaderLinks</b><br>Test class: com.crm.testcases.HomePage_BasicInfoTest<br/>
<a href="#Output-1175631958" onClick='toggleBox("Output-1175631958", this, "Show output", "Hide output");'>Show output</a>

<a href="#Output-1175631958" onClick="toggleAllBoxes();">Show all outputs</a>
<div class='log' id="Output-1175631958">
Test Status: Pass<br/>
</div>
</td>
<td></td>
<td>0</td>
<td>com.crm.testcases.HomePage_BasicInfoTest@6767c1fc</td></tr>
<tr>
<td title='com.crm.testcases.HomePage_BasicInfoTest.validateLoggedInUserName()'><b>validateLoggedInUserName</b><br>Test class: com.crm.testcases.HomePage_BasicInfoTest<br/>
<a href="#Output-1895143699" onClick='toggleBox("Output-1895143699", this, "Show output", "Hide output");'>Show output</a>

<a href="#Output-1895143699" onClick="toggleAllBoxes();">Show all outputs</a>
<div class='log' id="Output-1895143699">
Test Status: Pass<br/>
</div>
</td>
<td></td>
<td>0</td>
<td>com.crm.testcases.HomePage_BasicInfoTest@6767c1fc</td></tr>
</table><p>
<table width='100%' border='1' class='invocation-skipped'>
<tr><td colspan='4' align='center'><b>SKIPPED TESTS</b></td></tr>
<tr><td><b>Test method</b></td>
<td width="30%"><b>Exception</b></td>
<td width="10%"><b>Time (seconds)</b></td>
<td><b>Instance</b></td>
</tr>
<tr>
<td title='com.crm.testcases.HomePage_BasicInfoTest.validateLoggedInTimeStamp()'><b>validateLoggedInTimeStamp</b><br>Test class: com.crm.testcases.HomePage_BasicInfoTest<br/>
<a href="#Output-1104422581" onClick='toggleBox("Output-1104422581", this, "Show output", "Hide output");'>Show output</a>

<a href="#Output-1104422581" onClick="toggleAllBoxes();">Show all outputs</a>
<div class='log' id="Output-1104422581">
Test Status: Skipped<br/>
</div>
</td>
<td><div><pre>java.lang.AssertionError: Incorrect timestamp expected [Dec 22, 2017, 02:09:39 PM] but found [Fri Dec 22 2017 14:09:38 GMT+0530 (India Standard Time)]
	at com.crm.testcases.HomePage_BasicInfoTest.validateLoggedInTimeStamp(HomePage_BasicInfoTest.java:59)
... Removed 30 stack frames</pre></div><a href='#' onClick='toggleBox("stack-trace1104422581", this, "Click to show all stack frames", "Click to hide stack frames")'>Click to show all stack frames</a>
<div class='stack-trace' id='stack-trace1104422581'><pre>java.lang.AssertionError: Incorrect timestamp expected [Dec 22, 2017, 02:09:39 PM] but found [Fri Dec 22 2017 14:09:38 GMT+0530 (India Standard Time)]
	at org.testng.Assert.fail(Assert.java:93)
	at org.testng.Assert.failNotEquals(Assert.java:512)
	at org.testng.Assert.assertEqualsImpl(Assert.java:134)
	at org.testng.Assert.assertEquals(Assert.java:115)
	at org.testng.Assert.assertEquals(Assert.java:189)
	at com.crm.testcases.HomePage_BasicInfoTest.validateLoggedInTimeStamp(HomePage_BasicInfoTest.java:59)
	at sun.reflect.NativeMethodAccessorImpl.invoke0(Native Method)
	at sun.reflect.NativeMethodAccessorImpl.invoke(Unknown Source)
	at sun.reflect.DelegatingMethodAccessorImpl.invoke(Unknown Source)
	at java.lang.reflect.Method.invoke(Unknown Source)
	at org.testng.internal.MethodInvocationHelper.invokeMethod(MethodInvocationHelper.java:108)
	at org.testng.internal.Invoker.invokeMethod(Invoker.java:661)
	at org.testng.internal.Invoker.invokeTestMethod(Invoker.java:869)
	at org.testng.internal.Invoker.invokeTestMethods(Invoker.java:1193)
	at org.testng.internal.TestMethodWorker.invokeTestMethods(TestMethodWorker.java:126)
	at org.testng.internal.TestMethodWorker.run(TestMethodWorker.java:109)
	at org.testng.TestRunner.privateRun(TestRunner.java:744)
	at org.testng.TestRunner.run(TestRunner.java:602)
	at org.testng.SuiteRunner.runTest(SuiteRunner.java:380)
	at org.testng.SuiteRunner.runSequentially(SuiteRunner.java:375)
	at org.testng.SuiteRunner.privateRun(SuiteRunner.java:340)
	at org.testng.SuiteRunner.run(SuiteRunner.java:289)
	at org.testng.SuiteRunnerWorker.runSuite(SuiteRunnerWorker.java:52)
	at org.testng.SuiteRunnerWorker.run(SuiteRunnerWorker.java:86)
	at org.testng.TestNG.runSuitesSequentially(TestNG.java:1301)
	at org.testng.TestNG.runSuitesLocally(TestNG.java:1226)
	at org.testng.TestNG.runSuites(TestNG.java:1144)
	at org.testng.TestNG.run(TestNG.java:1115)
	at org.testng.remote.AbstractRemoteTestNG.run(AbstractRemoteTestNG.java:132)
	at org.testng.remote.RemoteTestNG.initAndRun(RemoteTestNG.java:230)
	at org.testng.remote.RemoteTestNG.main(RemoteTestNG.java:76)
</pre></div></td>
<td>0</td>
<td>com.crm.testcases.HomePage_BasicInfoTest@6767c1fc</td></tr>
<tr>
<td title='com.crm.testcases.HomePage_BasicInfoTest.validateLoggedInTimeStamp()'><b>validateLoggedInTimeStamp</b><br>Test class: com.crm.testcases.HomePage_BasicInfoTest<br/>
<a href="#Output-170052458" onClick='toggleBox("Output-170052458", this, "Show output", "Hide output");'>Show output</a>

<a href="#Output-170052458" onClick="toggleAllBoxes();">Show all outputs</a>
<div class='log' id="Output-170052458">
Test Status: Skipped<br/>
</div>
</td>
<td><div><pre>java.lang.AssertionError: Incorrect timestamp expected [Dec 22, 2017, 02:09:39 PM] but found [Fri Dec 22 2017 14:09:38 GMT+0530 (India Standard Time)]
	at com.crm.testcases.HomePage_BasicInfoTest.validateLoggedInTimeStamp(HomePage_BasicInfoTest.java:59)
... Removed 30 stack frames</pre></div><a href='#' onClick='toggleBox("stack-trace170052458", this, "Click to show all stack frames", "Click to hide stack frames")'>Click to show all stack frames</a>
<div class='stack-trace' id='stack-trace170052458'><pre>java.lang.AssertionError: Incorrect timestamp expected [Dec 22, 2017, 02:09:39 PM] but found [Fri Dec 22 2017 14:09:38 GMT+0530 (India Standard Time)]
	at org.testng.Assert.fail(Assert.java:93)
	at org.testng.Assert.failNotEquals(Assert.java:512)
	at org.testng.Assert.assertEqualsImpl(Assert.java:134)
	at org.testng.Assert.assertEquals(Assert.java:115)
	at org.testng.Assert.assertEquals(Assert.java:189)
	at com.crm.testcases.HomePage_BasicInfoTest.validateLoggedInTimeStamp(HomePage_BasicInfoTest.java:59)
	at sun.reflect.NativeMethodAccessorImpl.invoke0(Native Method)
	at sun.reflect.NativeMethodAccessorImpl.invoke(Unknown Source)
	at sun.reflect.DelegatingMethodAccessorImpl.invoke(Unknown Source)
	at java.lang.reflect.Method.invoke(Unknown Source)
	at org.testng.internal.MethodInvocationHelper.invokeMethod(MethodInvocationHelper.java:108)
	at org.testng.internal.Invoker.invokeMethod(Invoker.java:661)
	at org.testng.internal.Invoker.retryFailed(Invoker.java:1014)
	at org.testng.internal.Invoker.invokeTestMethods(Invoker.java:1215)
	at org.testng.internal.TestMethodWorker.invokeTestMethods(TestMethodWorker.java:126)
	at org.testng.internal.TestMethodWorker.run(TestMethodWorker.java:109)
	at org.testng.TestRunner.privateRun(TestRunner.java:744)
	at org.testng.TestRunner.run(TestRunner.java:602)
	at org.testng.SuiteRunner.runTest(SuiteRunner.java:380)
	at org.testng.SuiteRunner.runSequentially(SuiteRunner.java:375)
	at org.testng.SuiteRunner.privateRun(SuiteRunner.java:340)
	at org.testng.SuiteRunner.run(SuiteRunner.java:289)
	at org.testng.SuiteRunnerWorker.runSuite(SuiteRunnerWorker.java:52)
	at org.testng.SuiteRunnerWorker.run(SuiteRunnerWorker.java:86)
	at org.testng.TestNG.runSuitesSequentially(TestNG.java:1301)
	at org.testng.TestNG.runSuitesLocally(TestNG.java:1226)
	at org.testng.TestNG.runSuites(TestNG.java:1144)
	at org.testng.TestNG.run(TestNG.java:1115)
	at org.testng.remote.AbstractRemoteTestNG.run(AbstractRemoteTestNG.java:132)
	at org.testng.remote.RemoteTestNG.initAndRun(RemoteTestNG.java:230)
	at org.testng.remote.RemoteTestNG.main(RemoteTestNG.java:76)
</pre></div></td>
<td>0</td>
<td>com.crm.testcases.HomePage_BasicInfoTest@6767c1fc</td></tr>
<tr>
<td title='com.crm.testcases.HomePage_BasicInfoTest.validateLoggedInTimeStamp()'><b>validateLoggedInTimeStamp</b><br>Test class: com.crm.testcases.HomePage_BasicInfoTest<br/>
<a href="#Output-843710487" onClick='toggleBox("Output-843710487", this, "Show output", "Hide output");'>Show output</a>

<a href="#Output-843710487" onClick="toggleAllBoxes();">Show all outputs</a>
<div class='log' id="Output-843710487">
Test Status: Skipped<br/>
</div>
</td>
<td><div><pre>java.lang.AssertionError: Incorrect timestamp expected [Dec 22, 2017, 02:09:39 PM] but found [Fri Dec 22 2017 14:09:38 GMT+0530 (India Standard Time)]
	at com.crm.testcases.HomePage_BasicInfoTest.validateLoggedInTimeStamp(HomePage_BasicInfoTest.java:59)
... Removed 30 stack frames</pre></div><a href='#' onClick='toggleBox("stack-trace843710487", this, "Click to show all stack frames", "Click to hide stack frames")'>Click to show all stack frames</a>
<div class='stack-trace' id='stack-trace843710487'><pre>java.lang.AssertionError: Incorrect timestamp expected [Dec 22, 2017, 02:09:39 PM] but found [Fri Dec 22 2017 14:09:38 GMT+0530 (India Standard Time)]
	at org.testng.Assert.fail(Assert.java:93)
	at org.testng.Assert.failNotEquals(Assert.java:512)
	at org.testng.Assert.assertEqualsImpl(Assert.java:134)
	at org.testng.Assert.assertEquals(Assert.java:115)
	at org.testng.Assert.assertEquals(Assert.java:189)
	at com.crm.testcases.HomePage_BasicInfoTest.validateLoggedInTimeStamp(HomePage_BasicInfoTest.java:59)
	at sun.reflect.NativeMethodAccessorImpl.invoke0(Native Method)
	at sun.reflect.NativeMethodAccessorImpl.invoke(Unknown Source)
	at sun.reflect.DelegatingMethodAccessorImpl.invoke(Unknown Source)
	at java.lang.reflect.Method.invoke(Unknown Source)
	at org.testng.internal.MethodInvocationHelper.invokeMethod(MethodInvocationHelper.java:108)
	at org.testng.internal.Invoker.invokeMethod(Invoker.java:661)
	at org.testng.internal.Invoker.retryFailed(Invoker.java:1014)
	at org.testng.internal.Invoker.invokeTestMethods(Invoker.java:1215)
	at org.testng.internal.TestMethodWorker.invokeTestMethods(TestMethodWorker.java:126)
	at org.testng.internal.TestMethodWorker.run(TestMethodWorker.java:109)
	at org.testng.TestRunner.privateRun(TestRunner.java:744)
	at org.testng.TestRunner.run(TestRunner.java:602)
	at org.testng.SuiteRunner.runTest(SuiteRunner.java:380)
	at org.testng.SuiteRunner.runSequentially(SuiteRunner.java:375)
	at org.testng.SuiteRunner.privateRun(SuiteRunner.java:340)
	at org.testng.SuiteRunner.run(SuiteRunner.java:289)
	at org.testng.SuiteRunnerWorker.runSuite(SuiteRunnerWorker.java:52)
	at org.testng.SuiteRunnerWorker.run(SuiteRunnerWorker.java:86)
	at org.testng.TestNG.runSuitesSequentially(TestNG.java:1301)
	at org.testng.TestNG.runSuitesLocally(TestNG.java:1226)
	at org.testng.TestNG.runSuites(TestNG.java:1144)
	at org.testng.TestNG.run(TestNG.java:1115)
	at org.testng.remote.AbstractRemoteTestNG.run(AbstractRemoteTestNG.java:132)
	at org.testng.remote.RemoteTestNG.initAndRun(RemoteTestNG.java:230)
	at org.testng.remote.RemoteTestNG.main(RemoteTestNG.java:76)
</pre></div></td>
<td>0</td>
<td>com.crm.testcases.HomePage_BasicInfoTest@6767c1fc</td></tr>
</table><p>
</body>
</html>