<?xml version="1.0" encoding="UTF-8"?>
<!-- Generated by org.testng.reporters.JUnitReportReporter -->
<testsuite skipped="0" hostname="HACHANDN-IN" name="com.crm.testcases.HomePage_BasicInfoTest" tests="6" failures="1" timestamp="19 Dec 2017 12:19:43 GMT" time="4.565" errors="0">
  <testcase name="validateApplicationName" time="0.555" classname="com.crm.testcases.HomePage_BasicInfoTest"/>
  <testcase name="validateLoggedInUserName" time="0.067" classname="com.crm.testcases.HomePage_BasicInfoTest"/>
  <testcase name="validateLoggedInTimeStamp" time="0.050" classname="com.crm.testcases.HomePage_BasicInfoTest">
    <failure type="java.lang.AssertionError" message="Incorrect timestamp expected [Dec 19, 2017, 05:49:38 PM] but found [Tue Dec 19 2017 17:49:37 GMT+0530 (India Standard Time)]">
      <![CDATA[java.lang.AssertionError: Incorrect timestamp expected [Dec 19, 2017, 05:49:38 PM] but found [Tue Dec 19 2017 17:49:37 GMT+0530 (India Standard Time)]
	at org.testng.Assert.fail(Assert.java:93)
	at org.testng.Assert.failNotEquals(Assert.java:512)
	at org.testng.Assert.assertEqualsImpl(Assert.java:134)
	at org.testng.Assert.assertEquals(Assert.java:115)
	at org.testng.Assert.assertEquals(Assert.java:189)
	at com.crm.testcases.HomePage_BasicInfoTest.validateLoggedInTimeStamp(HomePage_BasicInfoTest.java:59)
	at sun.reflect.NativeMethodAccessorImpl.invoke0(Native Method)
	at sun.reflect.NativeMethodAccessorImpl.invoke(Unknown Source)
	at sun.reflect.DelegatingMethodAccessorImpl.invoke(Unknown Source)
	at java.lang.reflect.Method.invoke(Unknown Source)
	at org.testng.internal.MethodInvocationHelper.invokeMethod(MethodInvocationHelper.java:108)
	at org.testng.internal.Invoker.invokeMethod(Invoker.java:661)
	at org.testng.internal.Invoker.invokeTestMethod(Invoker.java:869)
	at org.testng.internal.Invoker.invokeTestMethods(Invoker.java:1193)
	at org.testng.internal.TestMethodWorker.invokeTestMethods(TestMethodWorker.java:126)
	at org.testng.internal.TestMethodWorker.run(TestMethodWorker.java:109)
	at org.testng.TestRunner.privateRun(TestRunner.java:744)
	at org.testng.TestRunner.run(TestRunner.java:602)
	at org.testng.SuiteRunner.runTest(SuiteRunner.java:380)
	at org.testng.SuiteRunner.runSequentially(SuiteRunner.java:375)
	at org.testng.SuiteRunner.privateRun(SuiteRunner.java:340)
	at org.testng.SuiteRunner.run(SuiteRunner.java:289)
	at org.testng.SuiteRunnerWorker.runSuite(SuiteRunnerWorker.java:52)
	at org.testng.SuiteRunnerWorker.run(SuiteRunnerWorker.java:86)
	at org.testng.TestNG.runSuitesSequentially(TestNG.java:1301)
	at org.testng.TestNG.runSuitesLocally(TestNG.java:1226)
	at org.testng.TestNG.runSuites(TestNG.java:1144)
	at org.testng.TestNG.run(TestNG.java:1115)
	at org.testng.remote.AbstractRemoteTestNG.run(AbstractRemoteTestNG.java:132)
	at org.testng.remote.RemoteTestNG.initAndRun(RemoteTestNG.java:230)
	at org.testng.remote.RemoteTestNG.main(RemoteTestNG.java:76)
]]>
    </failure>
  </testcase> <!-- validateLoggedInTimeStamp -->
  <testcase name="validateHeaderLinks" time="0.086" classname="com.crm.testcases.HomePage_BasicInfoTest"/>
  <testcase name="displayHomePageMenus" time="0.539" classname="com.crm.testcases.HomePage_BasicInfoTest"/>
  <testcase name="displayHomePageSubMenus" time="3.268" classname="com.crm.testcases.HomePage_BasicInfoTest"/>
</testsuite> <!-- com.crm.testcases.HomePage_BasicInfoTest -->
